<?xml version="1.0" encoding="UTF-8"?>
<testsuites name="NJS_Chandu" time="412" tests="3" failures="0" errors="0">
   <testsuite name="NJS_Chandu" tests="3" failures="0" errors="0" time="412" timestamp="2019-12-11 13:02:03" hostname="chandu.t - wlpt518.imidomain.com" id="Test Suites/NJS_Chandu">
      <properties>
[...]
</properties>
      <testcase name="Test Cases/deleteandupload3" classname="Test Cases/deleteandupload3" status="PASSED">
         <system-out><![CDATA[2019-12-11 13:02:04 - [TEST_CASE][PASSED] - Test Cases/deleteandupload3: Test Cases/deleteandupload3

2019-12-11 13:02:04 - [TEST_STEP][PASSED] - openBrowser: Browser is opened with url: 'https://www.naukri.com/'

2019-12-11 13:02:40 - [MESSAGE][PASSED] - Browser is opened with url: 'https://www.naukri.com/'

2019-12-11 13:02:40 - [TEST_STEP][PASSED] - closeWindowIndex: Window with index 1 is closed

2019-12-11 13:02:41 - [MESSAGE][PASSED] - Window with index 1 is closed

2019-12-11 13:02:41 - [TEST_STEP][PASSED] - closeWindowIndex: Window with index 1 is closed

2019-12-11 13:02:41 - [MESSAGE][PASSED] - Window with index 1 is closed

2019-12-11 13:02:41 - [TEST_STEP][PASSED] - switchToWindowIndex: Switched to window with index: '0'

2019-12-11 13:02:41 - [MESSAGE][PASSED] - Switched to window with index: '0'

2019-12-11 13:02:41 - [TEST_STEP][PASSED] - maximizeWindow: Current window maximized

2019-12-11 13:02:42 - [MESSAGE][PASSED] - Current window maximized

2019-12-11 13:02:42 - [TEST_STEP][PASSED] - click: Object: 'Object Repository/LoginButton' is clicked on

2019-12-11 13:02:42 - [MESSAGE][PASSED] - Object: 'Object Repository/LoginButton' is clicked on

2019-12-11 13:02:42 - [TEST_STEP][PASSED] - click: Object: 'Object Repository/GoogleButton' is clicked on

2019-12-11 13:02:43 - [MESSAGE][PASSED] - Object: 'Object Repository/GoogleButton' is clicked on

2019-12-11 13:02:43 - [TEST_STEP][PASSED] - switchToWindowIndex: Switched to window with index: '1'

2019-12-11 13:02:43 - [MESSAGE][PASSED] - Switched to window with index: '1'

2019-12-11 13:02:43 - [TEST_STEP][PASSED] - setText: Text 'chandut1024@gmail.com' is set on object 'Object Repository/UserName'

2019-12-11 13:02:53 - [MESSAGE][PASSED] - Text 'chandut1024@gmail.com' is set on object 'Object Repository/UserName'

2019-12-11 13:02:53 - [TEST_STEP][PASSED] - click: Object: 'Object Repository/NextButton' is clicked on

2019-12-11 13:02:55 - [MESSAGE][PASSED] - Object: 'Object Repository/NextButton' is clicked on

2019-12-11 13:02:55 - [TEST_STEP][PASSED] - delay: Delayed 5 second(s)

2019-12-11 13:03:00 - [MESSAGE][PASSED] - Delayed 5 second(s)

2019-12-11 13:03:00 - [TEST_STEP][PASSED] - setText: Text 'achala$123' is set on object 'Object Repository/Password'

2019-12-11 13:03:00 - [MESSAGE][PASSED] - Text 'achala$123' is set on object 'Object Repository/Password'

2019-12-11 13:03:00 - [TEST_STEP][PASSED] - click: Object: 'Object Repository/NextButton' is clicked on

2019-12-11 13:03:00 - [MESSAGE][PASSED] - Object: 'Object Repository/NextButton' is clicked on

2019-12-11 13:03:00 - [TEST_STEP][PASSED] - switchToWindowIndex: Switched to window with index: '0'

2019-12-11 13:03:00 - [MESSAGE][PASSED] - Switched to window with index: '0'

2019-12-11 13:03:00 - [TEST_STEP][PASSED] - delay: Delayed 10 second(s)

2019-12-11 13:03:10 - [MESSAGE][PASSED] - Delayed 10 second(s)

2019-12-11 13:03:10 - [TEST_STEP][PASSED] - click: Object: 'Object Repository/ProfileName' is clicked on

2019-12-11 13:03:51 - [MESSAGE][PASSED] - Object: 'Object Repository/ProfileName' is clicked on

2019-12-11 13:03:51 - [TEST_STEP][PASSED] - click: Object: 'Object Repository/DeleteResumeButton' is clicked on

2019-12-11 13:03:52 - [MESSAGE][PASSED] - Object: 'Object Repository/DeleteResumeButton' is clicked on

2019-12-11 13:03:52 - [TEST_STEP][PASSED] - click: Object: 'Object Repository/DeleteResumeConfirm' is clicked on

2019-12-11 13:03:52 - [MESSAGE][PASSED] - Object: 'Object Repository/DeleteResumeConfirm' is clicked on

2019-12-11 13:03:52 - [TEST_STEP][PASSED] - delay: Delayed 15 second(s)

2019-12-11 13:04:07 - [MESSAGE][PASSED] - Delayed 15 second(s)

2019-12-11 13:04:07 - [TEST_STEP][PASSED] - takeScreenshot: Taking screenshot successfully

2019-12-11 13:04:08 - [MESSAGE][PASSED] - Taking screenshot successfully
[[ATTACHMENT|C:\\Users\\chandu.t\\Katalon Studio\\NJS_Chandu\\Reports\\NJS_Chandu\\20191211_130200\\1576049647483.png]]

2019-12-11 13:04:08 - [TEST_STEP][PASSED] - uploadFile: File 'D:\chanduR\Resume33.docx' sent to object: 'Object Repository/UploadResumeButton'

2019-12-11 13:04:08 - [MESSAGE][PASSED] - File 'D:\chanduR\Resume33.docx' sent to object: 'Object Repository/UploadResumeButton'

2019-12-11 13:04:08 - [TEST_STEP][PASSED] - delay: Delayed 10 second(s)

2019-12-11 13:04:18 - [MESSAGE][PASSED] - Delayed 10 second(s)

2019-12-11 13:04:18 - [TEST_STEP][NOT_RUN] - click: NOT_RUN: click

2019-12-11 13:04:18 - [MESSAGE][NOT_RUN] - NOT_RUN: click

2019-12-11 13:04:18 - [TEST_STEP][NOT_RUN] - setText: NOT_RUN: setText

2019-12-11 13:04:18 - [MESSAGE][NOT_RUN] - NOT_RUN: setText

2019-12-11 13:04:18 - [TEST_STEP][NOT_RUN] - click: NOT_RUN: click

2019-12-11 13:04:18 - [MESSAGE][NOT_RUN] - NOT_RUN: click

2019-12-11 13:04:18 - [TEST_STEP][PASSED] - takeScreenshot: Taking screenshot successfully

2019-12-11 13:04:19 - [MESSAGE][PASSED] - Taking screenshot successfully
[[ATTACHMENT|C:\\Users\\chandu.t\\Katalon Studio\\NJS_Chandu\\Reports\\NJS_Chandu\\20191211_130200\\1576049658654.png]]

2019-12-11 13:04:19 - [TEST_STEP][PASSED] - refresh: Refresh successfully

2019-12-11 13:04:41 - [MESSAGE][PASSED] - Refresh successfully

2019-12-11 13:04:41 - [TEST_STEP][PASSED] - delay: Delayed 10 second(s)

2019-12-11 13:04:51 - [MESSAGE][PASSED] - Delayed 10 second(s)

2019-12-11 13:04:51 - [TEST_STEP][PASSED] - takeScreenshot: Taking screenshot successfully

2019-12-11 13:04:52 - [MESSAGE][PASSED] - Taking screenshot successfully
[[ATTACHMENT|C:\\Users\\chandu.t\\Katalon Studio\\NJS_Chandu\\Reports\\NJS_Chandu\\20191211_130200\\1576049691697.png]]

2019-12-11 13:04:52 - [TEST_STEP][PASSED] - closeBrowser: Browser is closed

2019-12-11 13:04:53 - [MESSAGE][PASSED] - Browser is closed]]></system-out>
         <system-err><![CDATA[]]></system-err>
      </testcase>
      <testcase name="Test Cases/deleteandupload2" classname="Test Cases/deleteandupload2" status="PASSED">
         <system-out><![CDATA[2019-12-11 13:04:53 - [TEST_CASE][PASSED] - Test Cases/deleteandupload2: Test Cases/deleteandupload2

2019-12-11 13:04:53 - [TEST_STEP][PASSED] - openBrowser: Browser is opened with url: 'https://www.naukri.com/'

2019-12-11 13:05:21 - [MESSAGE][PASSED] - Browser is opened with url: 'https://www.naukri.com/'

2019-12-11 13:05:21 - [TEST_STEP][PASSED] - closeWindowIndex: Window with index 1 is closed

2019-12-11 13:05:21 - [MESSAGE][PASSED] - Window with index 1 is closed

2019-12-11 13:05:21 - [TEST_STEP][PASSED] - closeWindowIndex: Window with index 1 is closed

2019-12-11 13:05:22 - [MESSAGE][PASSED] - Window with index 1 is closed

2019-12-11 13:05:22 - [TEST_STEP][PASSED] - switchToWindowIndex: Switched to window with index: '0'

2019-12-11 13:05:22 - [MESSAGE][PASSED] - Switched to window with index: '0'

2019-12-11 13:05:22 - [TEST_STEP][PASSED] - maximizeWindow: Current window maximized

2019-12-11 13:05:23 - [MESSAGE][PASSED] - Current window maximized

2019-12-11 13:05:23 - [TEST_STEP][PASSED] - click: Object: 'Object Repository/LoginButton' is clicked on

2019-12-11 13:05:23 - [MESSAGE][PASSED] - Object: 'Object Repository/LoginButton' is clicked on

2019-12-11 13:05:23 - [TEST_STEP][PASSED] - click: Object: 'Object Repository/GoogleButton' is clicked on

2019-12-11 13:05:24 - [MESSAGE][PASSED] - Object: 'Object Repository/GoogleButton' is clicked on

2019-12-11 13:05:24 - [TEST_STEP][PASSED] - switchToWindowIndex: Switched to window with index: '1'

2019-12-11 13:05:24 - [MESSAGE][PASSED] - Switched to window with index: '1'

2019-12-11 13:05:24 - [TEST_STEP][PASSED] - setText: Text 'chanduthota371@gmail.com' is set on object 'Object Repository/UserName'

2019-12-11 13:05:28 - [MESSAGE][PASSED] - Text 'chanduthota371@gmail.com' is set on object 'Object Repository/UserName'

2019-12-11 13:05:28 - [TEST_STEP][PASSED] - click: Object: 'Object Repository/NextButton' is clicked on

2019-12-11 13:05:28 - [MESSAGE][PASSED] - Object: 'Object Repository/NextButton' is clicked on

2019-12-11 13:05:28 - [TEST_STEP][PASSED] - delay: Delayed 5 second(s)

2019-12-11 13:05:33 - [MESSAGE][PASSED] - Delayed 5 second(s)

2019-12-11 13:05:33 - [TEST_STEP][PASSED] - setText: Text 'achala$123' is set on object 'Object Repository/Password'

2019-12-11 13:05:34 - [MESSAGE][PASSED] - Text 'achala$123' is set on object 'Object Repository/Password'

2019-12-11 13:05:34 - [TEST_STEP][PASSED] - click: Object: 'Object Repository/NextButton' is clicked on

2019-12-11 13:05:34 - [MESSAGE][PASSED] - Object: 'Object Repository/NextButton' is clicked on

2019-12-11 13:05:34 - [TEST_STEP][PASSED] - switchToWindowIndex: Switched to window with index: '0'

2019-12-11 13:05:34 - [MESSAGE][PASSED] - Switched to window with index: '0'

2019-12-11 13:05:34 - [TEST_STEP][PASSED] - delay: Delayed 10 second(s)

2019-12-11 13:05:44 - [MESSAGE][PASSED] - Delayed 10 second(s)

2019-12-11 13:05:44 - [TEST_STEP][PASSED] - click: Object: 'Object Repository/ProfileName' is clicked on

2019-12-11 13:06:01 - [MESSAGE][PASSED] - Object: 'Object Repository/ProfileName' is clicked on

2019-12-11 13:06:01 - [TEST_STEP][PASSED] - click: Object: 'Object Repository/DeleteResumeButton' is clicked on

2019-12-11 13:06:02 - [MESSAGE][PASSED] - Object: 'Object Repository/DeleteResumeButton' is clicked on

2019-12-11 13:06:02 - [TEST_STEP][PASSED] - click: Object: 'Object Repository/DeleteResumeConfirm' is clicked on

2019-12-11 13:06:02 - [MESSAGE][PASSED] - Object: 'Object Repository/DeleteResumeConfirm' is clicked on

2019-12-11 13:06:02 - [TEST_STEP][PASSED] - delay: Delayed 15 second(s)

2019-12-11 13:06:17 - [MESSAGE][PASSED] - Delayed 15 second(s)

2019-12-11 13:06:17 - [TEST_STEP][PASSED] - takeScreenshot: Taking screenshot successfully

2019-12-11 13:06:17 - [MESSAGE][PASSED] - Taking screenshot successfully
[[ATTACHMENT|C:\\Users\\chandu.t\\Katalon Studio\\NJS_Chandu\\Reports\\NJS_Chandu\\20191211_130200\\1576049777559.png]]

2019-12-11 13:06:17 - [TEST_STEP][PASSED] - uploadFile: File 'D:\chanduR\Resume22.docx' sent to object: 'Object Repository/UploadResumeButton'

2019-12-11 13:06:18 - [MESSAGE][PASSED] - File 'D:\chanduR\Resume22.docx' sent to object: 'Object Repository/UploadResumeButton'

2019-12-11 13:06:18 - [TEST_STEP][PASSED] - delay: Delayed 10 second(s)

2019-12-11 13:06:28 - [MESSAGE][PASSED] - Delayed 10 second(s)

2019-12-11 13:06:28 - [TEST_STEP][NOT_RUN] - click: NOT_RUN: click

2019-12-11 13:06:28 - [MESSAGE][NOT_RUN] - NOT_RUN: click

2019-12-11 13:06:28 - [TEST_STEP][NOT_RUN] - setText: NOT_RUN: setText

2019-12-11 13:06:28 - [MESSAGE][NOT_RUN] - NOT_RUN: setText

2019-12-11 13:06:28 - [TEST_STEP][NOT_RUN] - click: NOT_RUN: click

2019-12-11 13:06:28 - [MESSAGE][NOT_RUN] - NOT_RUN: click

2019-12-11 13:06:28 - [TEST_STEP][PASSED] - takeScreenshot: Taking screenshot successfully

2019-12-11 13:06:28 - [MESSAGE][PASSED] - Taking screenshot successfully
[[ATTACHMENT|C:\\Users\\chandu.t\\Katalon Studio\\NJS_Chandu\\Reports\\NJS_Chandu\\20191211_130200\\1576049788253.png]]

2019-12-11 13:06:28 - [TEST_STEP][PASSED] - refresh: Refresh successfully

2019-12-11 13:06:28 - [MESSAGE][PASSED] - Refresh successfully

2019-12-11 13:06:28 - [TEST_STEP][PASSED] - delay: Delayed 10 second(s)

2019-12-11 13:06:38 - [MESSAGE][PASSED] - Delayed 10 second(s)

2019-12-11 13:06:38 - [TEST_STEP][PASSED] - takeScreenshot: Taking screenshot successfully

2019-12-11 13:06:51 - [MESSAGE][PASSED] - Taking screenshot successfully
[[ATTACHMENT|C:\\Users\\chandu.t\\Katalon Studio\\NJS_Chandu\\Reports\\NJS_Chandu\\20191211_130200\\1576049798669.png]]

2019-12-11 13:06:51 - [TEST_STEP][PASSED] - closeBrowser: Browser is closed

2019-12-11 13:06:52 - [MESSAGE][PASSED] - Browser is closed]]></system-out>
         <system-err><![CDATA[]]></system-err>
      </testcase>
      <testcase name="Test Cases/deleteandupload1" classname="Test Cases/deleteandupload1" status="PASSED">
         <system-out><![CDATA[2019-12-11 13:06:52 - [TEST_CASE][PASSED] - Test Cases/deleteandupload1: Test Cases/deleteandupload1

2019-12-11 13:06:52 - [TEST_STEP][PASSED] - openBrowser: Browser is opened with url: 'https://www.naukri.com/'

2019-12-11 13:07:25 - [MESSAGE][PASSED] - Browser is opened with url: 'https://www.naukri.com/'

2019-12-11 13:07:25 - [TEST_STEP][PASSED] - closeWindowIndex: Window with index 1 is closed

2019-12-11 13:07:25 - [MESSAGE][PASSED] - Window with index 1 is closed

2019-12-11 13:07:25 - [TEST_STEP][PASSED] - closeWindowIndex: Window with index 1 is closed

2019-12-11 13:07:26 - [MESSAGE][PASSED] - Window with index 1 is closed

2019-12-11 13:07:26 - [TEST_STEP][PASSED] - switchToWindowIndex: Switched to window with index: '0'

2019-12-11 13:07:26 - [MESSAGE][PASSED] - Switched to window with index: '0'

2019-12-11 13:07:26 - [TEST_STEP][PASSED] - maximizeWindow: Current window maximized

2019-12-11 13:07:27 - [MESSAGE][PASSED] - Current window maximized

2019-12-11 13:07:27 - [TEST_STEP][PASSED] - click: Object: 'Object Repository/LoginButton' is clicked on

2019-12-11 13:07:27 - [MESSAGE][PASSED] - Object: 'Object Repository/LoginButton' is clicked on

2019-12-11 13:07:27 - [TEST_STEP][PASSED] - click: Object: 'Object Repository/GoogleButton' is clicked on

2019-12-11 13:07:28 - [MESSAGE][PASSED] - Object: 'Object Repository/GoogleButton' is clicked on

2019-12-11 13:07:28 - [TEST_STEP][PASSED] - switchToWindowIndex: Switched to window with index: '1'

2019-12-11 13:07:28 - [MESSAGE][PASSED] - Switched to window with index: '1'

2019-12-11 13:07:28 - [TEST_STEP][PASSED] - setText: Text 'thota.chandu1@gmail.com' is set on object 'Object Repository/UserName'

2019-12-11 13:07:31 - [MESSAGE][PASSED] - Text 'thota.chandu1@gmail.com' is set on object 'Object Repository/UserName'

2019-12-11 13:07:31 - [TEST_STEP][PASSED] - click: Object: 'Object Repository/NextButton' is clicked on

2019-12-11 13:07:31 - [MESSAGE][PASSED] - Object: 'Object Repository/NextButton' is clicked on

2019-12-11 13:07:31 - [TEST_STEP][PASSED] - delay: Delayed 5 second(s)

2019-12-11 13:07:36 - [MESSAGE][PASSED] - Delayed 5 second(s)

2019-12-11 13:07:36 - [TEST_STEP][PASSED] - setText: Text 'achala$123' is set on object 'Object Repository/Password'

2019-12-11 13:07:37 - [MESSAGE][PASSED] - Text 'achala$123' is set on object 'Object Repository/Password'

2019-12-11 13:07:37 - [TEST_STEP][PASSED] - click: Object: 'Object Repository/NextButton' is clicked on

2019-12-11 13:07:37 - [MESSAGE][PASSED] - Object: 'Object Repository/NextButton' is clicked on

2019-12-11 13:07:37 - [TEST_STEP][PASSED] - switchToWindowIndex: Switched to window with index: '0'

2019-12-11 13:07:37 - [MESSAGE][PASSED] - Switched to window with index: '0'

2019-12-11 13:07:37 - [TEST_STEP][PASSED] - delay: Delayed 10 second(s)

2019-12-11 13:07:47 - [MESSAGE][PASSED] - Delayed 10 second(s)

2019-12-11 13:07:47 - [TEST_STEP][PASSED] - click: Object: 'Object Repository/ProfileName' is clicked on

2019-12-11 13:08:05 - [MESSAGE][PASSED] - Object: 'Object Repository/ProfileName' is clicked on

2019-12-11 13:08:05 - [TEST_STEP][PASSED] - click: Object: 'Object Repository/DeleteResumeButton' is clicked on

2019-12-11 13:08:05 - [MESSAGE][PASSED] - Object: 'Object Repository/DeleteResumeButton' is clicked on

2019-12-11 13:08:05 - [TEST_STEP][PASSED] - click: Object: 'Object Repository/DeleteResumeConfirm' is clicked on

2019-12-11 13:08:05 - [MESSAGE][PASSED] - Object: 'Object Repository/DeleteResumeConfirm' is clicked on

2019-12-11 13:08:05 - [TEST_STEP][PASSED] - delay: Delayed 15 second(s)

2019-12-11 13:08:20 - [MESSAGE][PASSED] - Delayed 15 second(s)

2019-12-11 13:08:20 - [TEST_STEP][PASSED] - takeScreenshot: Taking screenshot successfully

2019-12-11 13:08:21 - [MESSAGE][PASSED] - Taking screenshot successfully
[[ATTACHMENT|C:\\Users\\chandu.t\\Katalon Studio\\NJS_Chandu\\Reports\\NJS_Chandu\\20191211_130200\\1576049900964.png]]

2019-12-11 13:08:21 - [TEST_STEP][PASSED] - uploadFile: File 'D:\chanduR\Resume11.docx' sent to object: 'Object Repository/UploadResumeButton'

2019-12-11 13:08:21 - [MESSAGE][PASSED] - File 'D:\chanduR\Resume11.docx' sent to object: 'Object Repository/UploadResumeButton'

2019-12-11 13:08:21 - [TEST_STEP][PASSED] - delay: Delayed 10 second(s)

2019-12-11 13:08:31 - [MESSAGE][PASSED] - Delayed 10 second(s)

2019-12-11 13:08:31 - [TEST_STEP][NOT_RUN] - click: NOT_RUN: click

2019-12-11 13:08:31 - [MESSAGE][NOT_RUN] - NOT_RUN: click

2019-12-11 13:08:31 - [TEST_STEP][NOT_RUN] - setText: NOT_RUN: setText

2019-12-11 13:08:31 - [MESSAGE][NOT_RUN] - NOT_RUN: setText

2019-12-11 13:08:31 - [TEST_STEP][NOT_RUN] - click: NOT_RUN: click

2019-12-11 13:08:31 - [MESSAGE][NOT_RUN] - NOT_RUN: click

2019-12-11 13:08:31 - [TEST_STEP][PASSED] - takeScreenshot: Taking screenshot successfully

2019-12-11 13:08:31 - [MESSAGE][PASSED] - Taking screenshot successfully
[[ATTACHMENT|C:\\Users\\chandu.t\\Katalon Studio\\NJS_Chandu\\Reports\\NJS_Chandu\\20191211_130200\\1576049911482.png]]

2019-12-11 13:08:31 - [TEST_STEP][PASSED] - refresh: Refresh successfully

2019-12-11 13:08:31 - [MESSAGE][PASSED] - Refresh successfully

2019-12-11 13:08:31 - [TEST_STEP][PASSED] - delay: Delayed 10 second(s)

2019-12-11 13:08:41 - [MESSAGE][PASSED] - Delayed 10 second(s)

2019-12-11 13:08:41 - [TEST_STEP][PASSED] - takeScreenshot: Taking screenshot successfully

2019-12-11 13:08:54 - [MESSAGE][PASSED] - Taking screenshot successfully
[[ATTACHMENT|C:\\Users\\chandu.t\\Katalon Studio\\NJS_Chandu\\Reports\\NJS_Chandu\\20191211_130200\\1576049921887.png]]

2019-12-11 13:08:54 - [TEST_STEP][PASSED] - closeBrowser: Browser is closed

2019-12-11 13:08:55 - [MESSAGE][PASSED] - Browser is closed]]></system-out>
         <system-err><![CDATA[]]></system-err>
      </testcase>
      <system-out><![CDATA[2019-12-11 13:02:03 - [TEST_SUITE][PASSED] - NJS_Chandu: Test Cases/deleteandupload1]]></system-out>
      <system-err><![CDATA[]]></system-err>
   </testsuite>
</testsuites>
