<?xml version="1.0" encoding="UTF-8"?>
<testsuites name="NJS_Chandu" time="300.319" tests="3" failures="0" errors="0">
   <testsuite name="NJS_Chandu" tests="3" failures="0" errors="0" time="300.319" timestamp="2019-12-13 12:59:38" hostname="chandu.t - wlpt518.imidomain.com" id="Test Suites/NJS_Chandu">
      <properties>
[...]
</properties>
      <testcase name="Test Cases/deleteandupload3" time="107.693" classname="Test Cases/deleteandupload3" status="PASSED">
         <system-out><![CDATA[2019-12-13 12:59:39 - [TEST_CASE][PASSED] - Test Cases/deleteandupload3: Test Cases/deleteandupload3

2019-12-13 12:59:41 - [TEST_STEP][PASSED] - openBrowser(findTestData("LoginDetailsNJS").getValue(1, 3)): Browser is opened with url: 'https://www.naukri.com/'

2019-12-13 12:59:44 - [MESSAGE][INFO] - Starting 'Chrome' driver

2019-12-13 12:59:44 - [MESSAGE][INFO] - User set preference: ['args', '[--incognito]']

2019-12-13 12:59:44 - [MESSAGE][INFO] - Action delay is set to 0 seconds

2019-12-13 13:00:14 - [MESSAGE][PASSED] - Browser is opened with url: 'https://www.naukri.com/'

2019-12-13 13:00:14 - [TEST_STEP][PASSED] - closeWindowIndex(1): Window with index 1 is closed

2019-12-13 13:00:16 - [MESSAGE][PASSED] - Window with index 1 is closed

2019-12-13 13:00:16 - [TEST_STEP][PASSED] - closeWindowIndex(1): Window with index 1 is closed

2019-12-13 13:00:17 - [MESSAGE][PASSED] - Window with index 1 is closed

2019-12-13 13:00:17 - [TEST_STEP][PASSED] - switchToWindowIndex(0): Switched to window with index: '0'

2019-12-13 13:00:17 - [MESSAGE][PASSED] - Switched to window with index: '0'

2019-12-13 13:00:17 - [TEST_STEP][PASSED] - maximizeWindow(): Current window maximized

2019-12-13 13:00:18 - [MESSAGE][PASSED] - Current window maximized

2019-12-13 13:00:18 - [TEST_STEP][PASSED] - click(findTestObject("LoginButton")): Object: 'Object Repository/LoginButton' is clicked on

2019-12-13 13:00:19 - [MESSAGE][PASSED] - Object: 'Object Repository/LoginButton' is clicked on

2019-12-13 13:00:19 - [TEST_STEP][PASSED] - click(findTestObject("GoogleButton")): Object: 'Object Repository/GoogleButton' is clicked on

2019-12-13 13:00:20 - [MESSAGE][PASSED] - Object: 'Object Repository/GoogleButton' is clicked on

2019-12-13 13:00:20 - [TEST_STEP][PASSED] - switchToWindowIndex(1): Switched to window with index: '1'

2019-12-13 13:00:21 - [MESSAGE][PASSED] - Switched to window with index: '1'

2019-12-13 13:00:21 - [TEST_STEP][PASSED] - setText(findTestObject("UserName"), findTestData("LoginDetailsNJS").getValue(2, 3)): Text 'chandut1024@gmail.com' is set on object 'Object Repository/UserName'

2019-12-13 13:00:26 - [MESSAGE][PASSED] - Text 'chandut1024@gmail.com' is set on object 'Object Repository/UserName'

2019-12-13 13:00:26 - [TEST_STEP][PASSED] - click(findTestObject("NextButton")): Object: 'Object Repository/NextButton' is clicked on

2019-12-13 13:00:27 - [MESSAGE][PASSED] - Object: 'Object Repository/NextButton' is clicked on

2019-12-13 13:00:27 - [TEST_STEP][PASSED] - delay(5): Delayed 5 second(s)

2019-12-13 13:00:32 - [MESSAGE][PASSED] - Delayed 5 second(s)

2019-12-13 13:00:32 - [TEST_STEP][PASSED] - setText(findTestObject("Password"), findTestData("LoginDetailsNJS").getValue(3, 3)): Text 'achala$123' is set on object 'Object Repository/Password'

2019-12-13 13:00:32 - [MESSAGE][PASSED] - Text 'achala$123' is set on object 'Object Repository/Password'

2019-12-13 13:00:32 - [TEST_STEP][PASSED] - click(findTestObject("NextButton")): Object: 'Object Repository/NextButton' is clicked on

2019-12-13 13:00:33 - [MESSAGE][PASSED] - Object: 'Object Repository/NextButton' is clicked on

2019-12-13 13:00:33 - [TEST_STEP][PASSED] - switchToWindowIndex(0): Switched to window with index: '0'

2019-12-13 13:00:33 - [MESSAGE][PASSED] - Switched to window with index: '0'

2019-12-13 13:00:33 - [TEST_STEP][PASSED] - delay(10): Delayed 10 second(s)

2019-12-13 13:00:43 - [MESSAGE][PASSED] - Delayed 10 second(s)

2019-12-13 13:00:43 - [TEST_STEP][PASSED] - click(findTestObject("ProfileName")): Object: 'Object Repository/ProfileName' is clicked on

2019-12-13 13:00:45 - [MESSAGE][PASSED] - Object: 'Object Repository/ProfileName' is clicked on

2019-12-13 13:00:45 - [TEST_STEP][PASSED] - click(findTestObject("DeleteResumeButton")): Object: 'Object Repository/DeleteResumeButton' is clicked on

2019-12-13 13:00:46 - [MESSAGE][PASSED] - Object: 'Object Repository/DeleteResumeButton' is clicked on

2019-12-13 13:00:46 - [TEST_STEP][PASSED] - click(findTestObject("DeleteResumeConfirm")): Object: 'Object Repository/DeleteResumeConfirm' is clicked on

2019-12-13 13:00:46 - [MESSAGE][PASSED] - Object: 'Object Repository/DeleteResumeConfirm' is clicked on

2019-12-13 13:00:46 - [TEST_STEP][PASSED] - delay(15): Delayed 15 second(s)

2019-12-13 13:01:01 - [MESSAGE][PASSED] - Delayed 15 second(s)

2019-12-13 13:01:01 - [TEST_STEP][PASSED] - takeScreenshot(): Taking screenshot successfully

2019-12-13 13:01:02 - [MESSAGE][PASSED] - Taking screenshot successfully
[[ATTACHMENT|C:\\Users\\chandu.t\\Katalon Studio\\NJS_Chandu\\Reports\\20191213_125932\\NJS_Chandu\\20191213_125932\\1576222261771.png]]

2019-12-13 13:01:02 - [TEST_STEP][PASSED] - uploadFile(findTestObject("UploadResumeButton"), findTestData("LoginDetailsNJS").getValue(5, 3)): File 'D:\chanduR\Resume33.docx' sent to object: 'Object Repository/UploadResumeButton'

2019-12-13 13:01:03 - [MESSAGE][PASSED] - File 'D:\chanduR\Resume33.docx' sent to object: 'Object Repository/UploadResumeButton'

2019-12-13 13:01:03 - [TEST_STEP][PASSED] - delay(10): Delayed 10 second(s)

2019-12-13 13:01:13 - [MESSAGE][PASSED] - Delayed 10 second(s)

2019-12-13 13:01:13 - [TEST_STEP][NOT_RUN] - click(findTestObject("EditResumeHeadline")): NOT_RUN: click(findTestObject("EditResumeHeadline"))

2019-12-13 13:01:13 - [MESSAGE][NOT_RUN] - NOT_RUN: click(findTestObject("EditResumeHeadline"))

2019-12-13 13:01:13 - [TEST_STEP][NOT_RUN] - setText(findTestObject("ResumeHeadLineText"), "."): NOT_RUN: setText(findTestObject("ResumeHeadLineText"), ".")

2019-12-13 13:01:13 - [MESSAGE][NOT_RUN] - NOT_RUN: setText(findTestObject("ResumeHeadLineText"), ".")

2019-12-13 13:01:13 - [TEST_STEP][NOT_RUN] - click(findTestObject("SaveResumeHeadLineButton")): NOT_RUN: click(findTestObject("SaveResumeHeadLineButton"))

2019-12-13 13:01:13 - [MESSAGE][NOT_RUN] - NOT_RUN: click(findTestObject("SaveResumeHeadLineButton"))

2019-12-13 13:01:13 - [TEST_STEP][PASSED] - takeScreenshot(): Taking screenshot successfully

2019-12-13 13:01:13 - [MESSAGE][PASSED] - Taking screenshot successfully
[[ATTACHMENT|C:\\Users\\chandu.t\\Katalon Studio\\NJS_Chandu\\Reports\\20191213_125932\\NJS_Chandu\\20191213_125932\\1576222273213.png]]

2019-12-13 13:01:13 - [TEST_STEP][PASSED] - refresh(): Refresh successfully

2019-12-13 13:01:15 - [MESSAGE][PASSED] - Refresh successfully

2019-12-13 13:01:15 - [TEST_STEP][PASSED] - delay(10): Delayed 10 second(s)

2019-12-13 13:01:25 - [MESSAGE][PASSED] - Delayed 10 second(s)

2019-12-13 13:01:25 - [TEST_STEP][PASSED] - takeScreenshot(): Taking screenshot successfully

2019-12-13 13:01:26 - [MESSAGE][PASSED] - Taking screenshot successfully
[[ATTACHMENT|C:\\Users\\chandu.t\\Katalon Studio\\NJS_Chandu\\Reports\\20191213_125932\\NJS_Chandu\\20191213_125932\\1576222285845.png]]

2019-12-13 13:01:26 - [TEST_STEP][PASSED] - closeBrowser(): Browser is closed

2019-12-13 13:01:27 - [MESSAGE][PASSED] - Browser is closed]]></system-out>
         <system-err><![CDATA[]]></system-err>
      </testcase>
      <testcase name="Test Cases/deleteandupload2" time="95.847" classname="Test Cases/deleteandupload2" status="PASSED">
         <system-out><![CDATA[2019-12-13 13:01:27 - [TEST_CASE][PASSED] - Test Cases/deleteandupload2: Test Cases/deleteandupload2

2019-12-13 13:01:27 - [TEST_STEP][PASSED] - openBrowser(findTestData("LoginDetailsNJS").getValue(1, 2)): Browser is opened with url: 'https://www.naukri.com/'

2019-12-13 13:01:27 - [MESSAGE][INFO] - Starting 'Chrome' driver

2019-12-13 13:01:27 - [MESSAGE][INFO] - User set preference: ['args', '[--incognito]']

2019-12-13 13:01:54 - [MESSAGE][PASSED] - Browser is opened with url: 'https://www.naukri.com/'

2019-12-13 13:01:54 - [TEST_STEP][PASSED] - closeWindowIndex(1): Window with index 1 is closed

2019-12-13 13:01:55 - [MESSAGE][PASSED] - Window with index 1 is closed

2019-12-13 13:01:55 - [TEST_STEP][PASSED] - closeWindowIndex(1): Window with index 1 is closed

2019-12-13 13:01:56 - [MESSAGE][PASSED] - Window with index 1 is closed

2019-12-13 13:01:56 - [TEST_STEP][PASSED] - switchToWindowIndex(0): Switched to window with index: '0'

2019-12-13 13:01:56 - [MESSAGE][PASSED] - Switched to window with index: '0'

2019-12-13 13:01:56 - [TEST_STEP][PASSED] - maximizeWindow(): Current window maximized

2019-12-13 13:01:57 - [MESSAGE][PASSED] - Current window maximized

2019-12-13 13:01:57 - [TEST_STEP][PASSED] - click(findTestObject("LoginButton")): Object: 'Object Repository/LoginButton' is clicked on

2019-12-13 13:01:57 - [MESSAGE][PASSED] - Object: 'Object Repository/LoginButton' is clicked on

2019-12-13 13:01:57 - [TEST_STEP][PASSED] - click(findTestObject("GoogleButton")): Object: 'Object Repository/GoogleButton' is clicked on

2019-12-13 13:01:58 - [MESSAGE][PASSED] - Object: 'Object Repository/GoogleButton' is clicked on

2019-12-13 13:01:58 - [TEST_STEP][PASSED] - switchToWindowIndex(1): Switched to window with index: '1'

2019-12-13 13:02:00 - [MESSAGE][PASSED] - Switched to window with index: '1'

2019-12-13 13:02:00 - [TEST_STEP][PASSED] - setText(findTestObject("UserName"), findTestData("LoginDetailsNJS").getValue(2, 2)): Text 'chanduthota371@gmail.com' is set on object 'Object Repository/UserName'

2019-12-13 13:02:02 - [MESSAGE][PASSED] - Text 'chanduthota371@gmail.com' is set on object 'Object Repository/UserName'

2019-12-13 13:02:02 - [TEST_STEP][PASSED] - click(findTestObject("NextButton")): Object: 'Object Repository/NextButton' is clicked on

2019-12-13 13:02:03 - [MESSAGE][PASSED] - Object: 'Object Repository/NextButton' is clicked on

2019-12-13 13:02:03 - [TEST_STEP][PASSED] - delay(5): Delayed 5 second(s)

2019-12-13 13:02:08 - [MESSAGE][PASSED] - Delayed 5 second(s)

2019-12-13 13:02:08 - [TEST_STEP][PASSED] - setText(findTestObject("Password"), findTestData("LoginDetailsNJS").getValue(3, 2)): Text 'achala$123' is set on object 'Object Repository/Password'

2019-12-13 13:02:09 - [MESSAGE][PASSED] - Text 'achala$123' is set on object 'Object Repository/Password'

2019-12-13 13:02:09 - [TEST_STEP][PASSED] - click(findTestObject("NextButton")): Object: 'Object Repository/NextButton' is clicked on

2019-12-13 13:02:09 - [MESSAGE][PASSED] - Object: 'Object Repository/NextButton' is clicked on

2019-12-13 13:02:09 - [TEST_STEP][PASSED] - switchToWindowIndex(0): Switched to window with index: '0'

2019-12-13 13:02:09 - [MESSAGE][PASSED] - Switched to window with index: '0'

2019-12-13 13:02:09 - [TEST_STEP][PASSED] - delay(10): Delayed 10 second(s)

2019-12-13 13:02:19 - [MESSAGE][PASSED] - Delayed 10 second(s)

2019-12-13 13:02:19 - [TEST_STEP][PASSED] - click(findTestObject("ProfileName")): Object: 'Object Repository/ProfileName' is clicked on

2019-12-13 13:02:22 - [MESSAGE][PASSED] - Object: 'Object Repository/ProfileName' is clicked on

2019-12-13 13:02:22 - [TEST_STEP][PASSED] - click(findTestObject("DeleteResumeButton")): Object: 'Object Repository/DeleteResumeButton' is clicked on

2019-12-13 13:02:22 - [MESSAGE][PASSED] - Object: 'Object Repository/DeleteResumeButton' is clicked on

2019-12-13 13:02:22 - [TEST_STEP][PASSED] - click(findTestObject("DeleteResumeConfirm")): Object: 'Object Repository/DeleteResumeConfirm' is clicked on

2019-12-13 13:02:23 - [MESSAGE][PASSED] - Object: 'Object Repository/DeleteResumeConfirm' is clicked on

2019-12-13 13:02:23 - [TEST_STEP][PASSED] - delay(15): Delayed 15 second(s)

2019-12-13 13:02:38 - [MESSAGE][PASSED] - Delayed 15 second(s)

2019-12-13 13:02:38 - [TEST_STEP][PASSED] - takeScreenshot(): Taking screenshot successfully

2019-12-13 13:02:38 - [MESSAGE][PASSED] - Taking screenshot successfully
[[ATTACHMENT|C:\\Users\\chandu.t\\Katalon Studio\\NJS_Chandu\\Reports\\20191213_125932\\NJS_Chandu\\20191213_125932\\1576222358479.png]]

2019-12-13 13:02:38 - [TEST_STEP][PASSED] - uploadFile(findTestObject("UploadResumeButton"), findTestData("LoginDetailsNJS").getValue(5, 2)): File 'D:\chanduR\Resume22.docx' sent to object: 'Object Repository/UploadResumeButton'

2019-12-13 13:02:39 - [MESSAGE][PASSED] - File 'D:\chanduR\Resume22.docx' sent to object: 'Object Repository/UploadResumeButton'

2019-12-13 13:02:39 - [TEST_STEP][PASSED] - delay(10): Delayed 10 second(s)

2019-12-13 13:02:49 - [MESSAGE][PASSED] - Delayed 10 second(s)

2019-12-13 13:02:49 - [TEST_STEP][NOT_RUN] - click(findTestObject("EditResumeHeadline")): NOT_RUN: click(findTestObject("EditResumeHeadline"))

2019-12-13 13:02:49 - [MESSAGE][NOT_RUN] - NOT_RUN: click(findTestObject("EditResumeHeadline"))

2019-12-13 13:02:49 - [TEST_STEP][NOT_RUN] - setText(findTestObject("ResumeHeadLineText"), "."): NOT_RUN: setText(findTestObject("ResumeHeadLineText"), ".")

2019-12-13 13:02:49 - [MESSAGE][NOT_RUN] - NOT_RUN: setText(findTestObject("ResumeHeadLineText"), ".")

2019-12-13 13:02:49 - [TEST_STEP][NOT_RUN] - click(findTestObject("SaveResumeHeadLineButton")): NOT_RUN: click(findTestObject("SaveResumeHeadLineButton"))

2019-12-13 13:02:49 - [MESSAGE][NOT_RUN] - NOT_RUN: click(findTestObject("SaveResumeHeadLineButton"))

2019-12-13 13:02:49 - [TEST_STEP][PASSED] - takeScreenshot(): Taking screenshot successfully

2019-12-13 13:02:49 - [MESSAGE][PASSED] - Taking screenshot successfully
[[ATTACHMENT|C:\\Users\\chandu.t\\Katalon Studio\\NJS_Chandu\\Reports\\20191213_125932\\NJS_Chandu\\20191213_125932\\1576222369425.png]]

2019-12-13 13:02:49 - [TEST_STEP][PASSED] - refresh(): Refresh successfully

2019-12-13 13:02:51 - [MESSAGE][PASSED] - Refresh successfully

2019-12-13 13:02:51 - [TEST_STEP][PASSED] - delay(10): Delayed 10 second(s)

2019-12-13 13:03:01 - [MESSAGE][PASSED] - Delayed 10 second(s)

2019-12-13 13:03:01 - [TEST_STEP][PASSED] - takeScreenshot(): Taking screenshot successfully

2019-12-13 13:03:02 - [MESSAGE][PASSED] - Taking screenshot successfully
[[ATTACHMENT|C:\\Users\\chandu.t\\Katalon Studio\\NJS_Chandu\\Reports\\20191213_125932\\NJS_Chandu\\20191213_125932\\1576222381758.png]]

2019-12-13 13:03:02 - [TEST_STEP][PASSED] - closeBrowser(): Browser is closed

2019-12-13 13:03:03 - [MESSAGE][PASSED] - Browser is closed]]></system-out>
         <system-err><![CDATA[]]></system-err>
      </testcase>
      <testcase name="Test Cases/deleteandupload1" time="95.451" classname="Test Cases/deleteandupload1" status="PASSED">
         <system-out><![CDATA[2019-12-13 13:03:03 - [TEST_CASE][PASSED] - Test Cases/deleteandupload1: Test Cases/deleteandupload1

2019-12-13 13:03:03 - [TEST_STEP][PASSED] - openBrowser(findTestData("LoginDetailsNJS").getValue(1, 1)): Browser is opened with url: 'https://www.naukri.com/'

2019-12-13 13:03:03 - [MESSAGE][INFO] - Starting 'Chrome' driver

2019-12-13 13:03:04 - [MESSAGE][INFO] - User set preference: ['args', '[--incognito]']

2019-12-13 13:03:29 - [MESSAGE][PASSED] - Browser is opened with url: 'https://www.naukri.com/'

2019-12-13 13:03:29 - [TEST_STEP][PASSED] - closeWindowIndex(1): Window with index 1 is closed

2019-12-13 13:03:30 - [MESSAGE][PASSED] - Window with index 1 is closed

2019-12-13 13:03:30 - [TEST_STEP][PASSED] - closeWindowIndex(1): Window with index 1 is closed

2019-12-13 13:03:31 - [MESSAGE][PASSED] - Window with index 1 is closed

2019-12-13 13:03:31 - [TEST_STEP][PASSED] - switchToWindowIndex(0): Switched to window with index: '0'

2019-12-13 13:03:31 - [MESSAGE][PASSED] - Switched to window with index: '0'

2019-12-13 13:03:31 - [TEST_STEP][PASSED] - maximizeWindow(): Current window maximized

2019-12-13 13:03:32 - [MESSAGE][PASSED] - Current window maximized

2019-12-13 13:03:32 - [TEST_STEP][PASSED] - click(findTestObject("LoginButton")): Object: 'Object Repository/LoginButton' is clicked on

2019-12-13 13:03:33 - [MESSAGE][PASSED] - Object: 'Object Repository/LoginButton' is clicked on

2019-12-13 13:03:33 - [TEST_STEP][PASSED] - click(findTestObject("GoogleButton")): Object: 'Object Repository/GoogleButton' is clicked on

2019-12-13 13:03:34 - [MESSAGE][PASSED] - Object: 'Object Repository/GoogleButton' is clicked on

2019-12-13 13:03:34 - [TEST_STEP][PASSED] - switchToWindowIndex(1): Switched to window with index: '1'

2019-12-13 13:03:36 - [MESSAGE][PASSED] - Switched to window with index: '1'

2019-12-13 13:03:36 - [TEST_STEP][PASSED] - setText(findTestObject("UserName"), findTestData("LoginDetailsNJS").getValue(2, 1)): Text 'thota.chandu1@gmail.com' is set on object 'Object Repository/UserName'

2019-12-13 13:03:37 - [MESSAGE][PASSED] - Text 'thota.chandu1@gmail.com' is set on object 'Object Repository/UserName'

2019-12-13 13:03:37 - [TEST_STEP][PASSED] - click(findTestObject("NextButton")): Object: 'Object Repository/NextButton' is clicked on

2019-12-13 13:03:38 - [MESSAGE][PASSED] - Object: 'Object Repository/NextButton' is clicked on

2019-12-13 13:03:38 - [TEST_STEP][PASSED] - delay(5): Delayed 5 second(s)

2019-12-13 13:03:43 - [MESSAGE][PASSED] - Delayed 5 second(s)

2019-12-13 13:03:43 - [TEST_STEP][PASSED] - setText(findTestObject("Password"), findTestData("LoginDetailsNJS").getValue(3, 1)): Text 'achala$123' is set on object 'Object Repository/Password'

2019-12-13 13:03:44 - [MESSAGE][PASSED] - Text 'achala$123' is set on object 'Object Repository/Password'

2019-12-13 13:03:44 - [TEST_STEP][PASSED] - click(findTestObject("NextButton")): Object: 'Object Repository/NextButton' is clicked on

2019-12-13 13:03:44 - [MESSAGE][PASSED] - Object: 'Object Repository/NextButton' is clicked on

2019-12-13 13:03:44 - [TEST_STEP][PASSED] - switchToWindowIndex(0): Switched to window with index: '0'

2019-12-13 13:03:44 - [MESSAGE][PASSED] - Switched to window with index: '0'

2019-12-13 13:03:44 - [TEST_STEP][PASSED] - delay(10): Delayed 10 second(s)

2019-12-13 13:03:54 - [MESSAGE][PASSED] - Delayed 10 second(s)

2019-12-13 13:03:54 - [TEST_STEP][PASSED] - click(findTestObject("ProfileName")): Object: 'Object Repository/ProfileName' is clicked on

2019-12-13 13:03:57 - [MESSAGE][PASSED] - Object: 'Object Repository/ProfileName' is clicked on

2019-12-13 13:03:57 - [TEST_STEP][PASSED] - click(findTestObject("DeleteResumeButton")): Object: 'Object Repository/DeleteResumeButton' is clicked on

2019-12-13 13:03:57 - [MESSAGE][PASSED] - Object: 'Object Repository/DeleteResumeButton' is clicked on

2019-12-13 13:03:57 - [TEST_STEP][PASSED] - click(findTestObject("DeleteResumeConfirm")): Object: 'Object Repository/DeleteResumeConfirm' is clicked on

2019-12-13 13:03:58 - [MESSAGE][PASSED] - Object: 'Object Repository/DeleteResumeConfirm' is clicked on

2019-12-13 13:03:58 - [TEST_STEP][PASSED] - delay(15): Delayed 15 second(s)

2019-12-13 13:04:13 - [MESSAGE][PASSED] - Delayed 15 second(s)

2019-12-13 13:04:13 - [TEST_STEP][PASSED] - takeScreenshot(): Taking screenshot successfully

2019-12-13 13:04:13 - [MESSAGE][PASSED] - Taking screenshot successfully
[[ATTACHMENT|C:\\Users\\chandu.t\\Katalon Studio\\NJS_Chandu\\Reports\\20191213_125932\\NJS_Chandu\\20191213_125932\\1576222453347.png]]

2019-12-13 13:04:13 - [TEST_STEP][PASSED] - uploadFile(findTestObject("UploadResumeButton"), findTestData("LoginDetailsNJS").getValue(5, 1)): File 'D:\chanduR\Resume11.docx' sent to object: 'Object Repository/UploadResumeButton'

2019-12-13 13:04:14 - [MESSAGE][PASSED] - File 'D:\chanduR\Resume11.docx' sent to object: 'Object Repository/UploadResumeButton'

2019-12-13 13:04:14 - [TEST_STEP][PASSED] - delay(10): Delayed 10 second(s)

2019-12-13 13:04:24 - [MESSAGE][PASSED] - Delayed 10 second(s)

2019-12-13 13:04:24 - [TEST_STEP][NOT_RUN] - click(findTestObject("EditResumeHeadline")): NOT_RUN: click(findTestObject("EditResumeHeadline"))

2019-12-13 13:04:24 - [MESSAGE][NOT_RUN] - NOT_RUN: click(findTestObject("EditResumeHeadline"))

2019-12-13 13:04:24 - [TEST_STEP][NOT_RUN] - setText(findTestObject("ResumeHeadLineText"), "."): NOT_RUN: setText(findTestObject("ResumeHeadLineText"), ".")

2019-12-13 13:04:24 - [MESSAGE][NOT_RUN] - NOT_RUN: setText(findTestObject("ResumeHeadLineText"), ".")

2019-12-13 13:04:24 - [TEST_STEP][NOT_RUN] - click(findTestObject("SaveResumeHeadLineButton")): NOT_RUN: click(findTestObject("SaveResumeHeadLineButton"))

2019-12-13 13:04:24 - [MESSAGE][NOT_RUN] - NOT_RUN: click(findTestObject("SaveResumeHeadLineButton"))

2019-12-13 13:04:24 - [TEST_STEP][PASSED] - takeScreenshot(): Taking screenshot successfully

2019-12-13 13:04:24 - [MESSAGE][PASSED] - Taking screenshot successfully
[[ATTACHMENT|C:\\Users\\chandu.t\\Katalon Studio\\NJS_Chandu\\Reports\\20191213_125932\\NJS_Chandu\\20191213_125932\\1576222464536.png]]

2019-12-13 13:04:24 - [TEST_STEP][PASSED] - refresh(): Refresh successfully

2019-12-13 13:04:27 - [MESSAGE][PASSED] - Refresh successfully

2019-12-13 13:04:27 - [TEST_STEP][PASSED] - delay(10): Delayed 10 second(s)

2019-12-13 13:04:37 - [MESSAGE][PASSED] - Delayed 10 second(s)

2019-12-13 13:04:37 - [TEST_STEP][PASSED] - takeScreenshot(): Taking screenshot successfully

2019-12-13 13:04:37 - [MESSAGE][PASSED] - Taking screenshot successfully
[[ATTACHMENT|C:\\Users\\chandu.t\\Katalon Studio\\NJS_Chandu\\Reports\\20191213_125932\\NJS_Chandu\\20191213_125932\\1576222477172.png]]

2019-12-13 13:04:37 - [TEST_STEP][PASSED] - closeBrowser(): Browser is closed

2019-12-13 13:04:38 - [MESSAGE][PASSED] - Browser is closed]]></system-out>
         <system-err><![CDATA[]]></system-err>
      </testcase>
      <system-out><![CDATA[2019-12-13 12:59:38 - [TEST_SUITE][PASSED] - NJS_Chandu: Test Cases/deleteandupload1]]></system-out>
      <system-err><![CDATA[]]></system-err>
   </testsuite>
</testsuites>
